15-03-2018 10:44:06.375 [main] INFO  c.t.cpl.cuasapi.CuasApiApplication.logStarting - Starting CuasApiApplication on U0136218-TPL-A with PID 28664 (C:\Santosh\STS_Workspace_CUAS\cuas-api\target\classes started by U0136218 in C:\Santosh\STS_Workspace_CUAS\cuas-api)
15-03-2018 10:44:06.378 [main] INFO  c.t.cpl.cuasapi.CuasApiApplication.logStartupProfileInfo - No active profile set, falling back to default profiles: default
15-03-2018 10:44:06.419 [main] INFO  o.s.b.w.s.c.AnnotationConfigServletWebServerApplicationContext.prepareRefresh - Refreshing org.springframework.boot.web.servlet.context.AnnotationConfigServletWebServerApplicationContext@4df50bcc: startup date [Thu Mar 15 10:44:06 IST 2018]; root of context hierarchy
15-03-2018 10:44:07.422 [main] INFO  o.s.b.w.e.tomcat.TomcatWebServer.initialize - Tomcat initialized with port(s): 8070 (http)
15-03-2018 10:44:07.441 [main] INFO  o.a.catalina.core.StandardService.log - Starting service [Tomcat]
15-03-2018 10:44:07.442 [main] INFO  o.a.catalina.core.StandardEngine.log - Starting Servlet Engine: Apache Tomcat/8.5.28
15-03-2018 10:44:07.446 [localhost-startStop-1] INFO  o.a.c.core.AprLifecycleListener.log - The APR based Apache Tomcat Native library which allows optimal performance in production environments was not found on the java.library.path: [C:\Program Files\Java\jre1.8.0_151\bin;C:\Windows\Sun\Java\bin;C:\Windows\system32;C:\Windows;C:/Program Files/Java/jre1.8.0_151/bin/server;C:/Program Files/Java/jre1.8.0_151/bin;C:/Program Files/Java/jre1.8.0_151/lib/amd64;C:\ProgramData\Oracle\Java\javapath;C:\Program Files (x86)\AMD APP\bin\x86_64;C:\Program Files (x86)\AMD APP\bin\x86;C:\Windows\system32;C:\Windows;C:\Windows\System32\Wbem;C:\Windows\System32\WindowsPowerShell\v1.0\;C:\Program Files (x86)\ATI Technologies\ATI.ACE\Core-Static;C:\Program Files\Intel\WiFi\bin\;C:\Program Files\Common Files\Intel\WirelessCommon\;c:\Program Files (x86)\Microsoft SQL Server\100\Tools\Binn\;c:\Program Files\Microsoft SQL Server\100\Tools\Binn\;c:\Program Files\Microsoft SQL Server\100\DTS\Binn\;c:\Program Files (x86)\Microsoft SQL Server\100\Tools\Binn\VSShell\Common7\IDE\;c:\Program Files (x86)\Microsoft Visual Studio 9.0\Common7\IDE\PrivateAssemblies\;c:\Program Files (x86)\Microsoft SQL Server\100\DTS\Binn\;C:\Program Files (x86)\nodejs\;C:\Program Files (x86)\QuickTime\QTSystem\;C:\Program Files (x86)\Sennheiser\SoftphoneSDK\;C:\Android;C:\Windows\System32;C:\Program Files\MySQL\MySQL Utilities 1.6\;C:\Program Files (x86)\Symantec\VIP Access Client\;C:\Program Files\Intel\WiFi\bin\;C:\Program Files\Common Files\Intel\WirelessCommon\;C:\Users\u0136218\AppData\Roaming\npm;C:\Program Files (x86)\nodejs;C:\Program Files (x86)\Java\jre6\bin;C:\Santosh\Softwares\spring-tool-suite-3.9.1.RELEASE-e4.7.1a-win32-x86_64\sts-bundle\sts-3.9.1.RELEASE;;.]
15-03-2018 10:44:07.549 [localhost-startStop-1] INFO  o.a.c.c.C.[Tomcat].[localhost].[/].log - Initializing Spring embedded WebApplicationContext
15-03-2018 10:44:07.550 [localhost-startStop-1] INFO  o.s.web.context.ContextLoader.prepareWebApplicationContext - Root WebApplicationContext: initialization completed in 1131 ms
15-03-2018 10:44:07.627 [localhost-startStop-1] INFO  o.s.b.w.s.ServletRegistrationBean.addRegistration - Servlet dispatcherServlet mapped to [/]
15-03-2018 10:44:07.630 [localhost-startStop-1] INFO  o.s.b.w.s.FilterRegistrationBean.configure - Mapping filter: 'characterEncodingFilter' to: [/*]
15-03-2018 10:44:07.864 [main] INFO  o.s.w.s.m.m.a.RequestMappingHandlerMapping.register - Mapped "{[/admincount/{orgId}/{email}],methods=[GET],produces=[application/json]}" onto public int com.thomsonreuters.cpl.cuasapi.controllers.CuasApiController.getCountOfFirmAdmins(int,java.lang.String)
15-03-2018 10:44:07.865 [main] INFO  o.s.w.s.m.m.a.RequestMappingHandlerMapping.register - Mapped "{[/admincount],methods=[POST],consumes=[application/json]}" onto public int com.thomsonreuters.cpl.cuasapi.controllers.CuasApiController.getCountOfFirmAdmins2(com.thomsonreuters.cpl.cuasapi.beans.OrganizationInput)
15-03-2018 10:44:07.866 [main] INFO  o.s.w.s.m.m.a.RequestMappingHandlerMapping.register - Mapped "{[/admincount],methods=[GET]}" onto public int com.thomsonreuters.cpl.cuasapi.controllers.CuasApiController.getCountOfAdmins(int,java.lang.String)
15-03-2018 10:44:07.866 [main] INFO  o.s.w.s.m.m.a.RequestMappingHandlerMapping.register - Mapped "{[/admin],methods=[POST],consumes=[application/json],produces=[application/json]}" onto public com.thomsonreuters.cpl.cuasapi.beans.OrganizationAdmin com.thomsonreuters.cpl.cuasapi.controllers.CuasApiController.getFirmAdmin(com.thomsonreuters.cpl.cuasapi.beans.OrganizationInput)
15-03-2018 10:44:07.867 [main] INFO  o.s.w.s.m.m.a.RequestMappingHandlerMapping.register - Mapped "{[/admin/{orgId}/{email}],methods=[GET],produces=[application/json]}" onto public com.thomsonreuters.cpl.cuasapi.beans.OrganizationAdmin com.thomsonreuters.cpl.cuasapi.controllers.CuasApiController.getOrgAdmin(int,java.lang.String)
15-03-2018 10:44:07.867 [main] INFO  o.s.w.s.m.m.a.RequestMappingHandlerMapping.register - Mapped "{[/admins],methods=[POST],consumes=[application/json],produces=[application/json]}" onto public java.util.List<com.thomsonreuters.cpl.cuasapi.beans.OrganizationAdmin> com.thomsonreuters.cpl.cuasapi.controllers.CuasApiController.getFirmAdmins(com.thomsonreuters.cpl.cuasapi.beans.OrgIdInput)
15-03-2018 10:44:07.868 [main] INFO  o.s.w.s.m.m.a.RequestMappingHandlerMapping.register - Mapped "{[/admins/{organizationId}],methods=[GET],produces=[application/json]}" onto public java.util.List<com.thomsonreuters.cpl.cuasapi.beans.OrganizationAdmin> com.thomsonreuters.cpl.cuasapi.controllers.CuasApiController.getFirmAdmins2(int)
15-03-2018 10:44:07.868 [main] INFO  o.s.w.s.m.m.a.RequestMappingHandlerMapping.register - Mapped "{[/firmAdmins/{organizationId}],methods=[GET],produces=[application/json]}" onto public com.thomsonreuters.cpl.cuasapi.beans.OrganizationAdminOutput com.thomsonreuters.cpl.cuasapi.controllers.CuasApiController.getAdmins(int) throws java.lang.Exception
15-03-2018 10:44:07.872 [main] INFO  o.s.w.s.m.m.a.RequestMappingHandlerMapping.register - Mapped "{[/exporttoExcel],methods=[GET]}" onto public void com.thomsonreuters.cpl.cuasapi.controllers.FileUploadController.index(javax.servlet.http.HttpServletRequest,javax.servlet.http.HttpServletResponse) throws java.io.IOException
15-03-2018 10:44:07.873 [main] INFO  o.s.w.s.m.m.a.RequestMappingHandlerMapping.register - Mapped "{[/fileupload],methods=[POST]}" onto public java.lang.String com.thomsonreuters.cpl.cuasapi.controllers.FileUploadController.uploadFile(org.springframework.web.multipart.MultipartFile) throws java.io.IOException
15-03-2018 10:44:07.873 [main] INFO  o.s.w.s.m.m.a.RequestMappingHandlerMapping.register - Mapped "{[/filesupload],methods=[POST]}" onto public java.lang.String com.thomsonreuters.cpl.cuasapi.controllers.FileUploadController.uploadFiles(org.springframework.web.multipart.MultipartFile[]) throws java.io.IOException
15-03-2018 10:44:07.874 [main] INFO  o.s.w.s.m.m.a.RequestMappingHandlerMapping.register - Mapped "{[/multifileupload],methods=[POST]}" onto public org.springframework.http.ResponseEntity<?> com.thomsonreuters.cpl.cuasapi.controllers.FileUploadController.uploadFileMulti(java.lang.String,org.springframework.web.multipart.MultipartFile[])
15-03-2018 10:44:07.874 [main] INFO  o.s.w.s.m.m.a.RequestMappingHandlerMapping.register - Mapped "{[/testhello],methods=[GET],produces=[application/json]}" onto public java.util.List<com.thomsonreuters.cpl.cuasapi.beans.Employee> com.thomsonreuters.cpl.cuasapi.controllers.TestController.testmethod1()
15-03-2018 10:44:07.882 [main] INFO  o.s.w.s.m.m.a.RequestMappingHandlerMapping.register - Mapped "{[/error]}" onto public org.springframework.http.ResponseEntity<java.util.Map<java.lang.String, java.lang.Object>> org.springframework.boot.autoconfigure.web.servlet.error.BasicErrorController.error(javax.servlet.http.HttpServletRequest)
15-03-2018 10:44:07.883 [main] INFO  o.s.w.s.m.m.a.RequestMappingHandlerMapping.register - Mapped "{[/error],produces=[text/html]}" onto public org.springframework.web.servlet.ModelAndView org.springframework.boot.autoconfigure.web.servlet.error.BasicErrorController.errorHtml(javax.servlet.http.HttpServletRequest,javax.servlet.http.HttpServletResponse)
15-03-2018 10:44:07.962 [main] INFO  o.s.w.s.m.m.a.RequestMappingHandlerAdapter.initControllerAdviceCache - Looking for @ControllerAdvice: org.springframework.boot.web.servlet.context.AnnotationConfigServletWebServerApplicationContext@4df50bcc: startup date [Thu Mar 15 10:44:06 IST 2018]; root of context hierarchy
15-03-2018 10:44:07.999 [main] INFO  o.s.w.s.m.m.a.ExceptionHandlerExceptionResolver.initExceptionHandlerAdviceCache - Detected @ExceptionHandler methods in globalExceptionHandler
15-03-2018 10:44:08.308 [main] INFO  o.s.j.e.a.AnnotationMBeanExporter.afterSingletonsInstantiated - Registering beans for JMX exposure on startup
15-03-2018 10:44:08.309 [main] INFO  o.s.j.e.a.AnnotationMBeanExporter.autodetect - Bean with name 'dataSource' has been autodetected for JMX exposure
15-03-2018 10:44:08.314 [main] INFO  o.s.j.e.a.AnnotationMBeanExporter.registerBeanInstance - Located MBean 'dataSource': registering with JMX server as MBean [com.zaxxer.hikari:name=dataSource,type=HikariDataSource]
15-03-2018 10:44:08.352 [main] INFO  o.s.b.w.e.tomcat.TomcatWebServer.start - Tomcat started on port(s): 8070 (http) with context path ''
15-03-2018 10:44:08.355 [main] INFO  c.t.cpl.cuasapi.CuasApiApplication.logStarted - Started CuasApiApplication in 2.271 seconds (JVM running for 2.953)
15-03-2018 10:44:12.201 [http-nio-8070-exec-1] INFO  o.a.c.c.C.[Tomcat].[localhost].[/].log - Initializing Spring FrameworkServlet 'dispatcherServlet'
15-03-2018 10:44:12.201 [http-nio-8070-exec-1] INFO  o.s.web.servlet.DispatcherServlet.initServletBean - FrameworkServlet 'dispatcherServlet': initialization started
15-03-2018 10:44:12.216 [http-nio-8070-exec-1] INFO  o.s.web.servlet.DispatcherServlet.initServletBean - FrameworkServlet 'dispatcherServlet': initialization completed in 15 ms
15-03-2018 10:44:12.244 [http-nio-8070-exec-1] INFO  com.zaxxer.hikari.HikariDataSource.getConnection - HikariPool-1 - Starting...
15-03-2018 10:44:14.608 [http-nio-8070-exec-1] INFO  com.zaxxer.hikari.pool.PoolBase.getAndSetNetworkTimeout - HikariPool-1 - Driver does not support get/set network timeout for connections. (com.microsoft.sqlserver.jdbc.SQLServerConnection.getNetworkTimeout()I)
15-03-2018 10:44:14.950 [http-nio-8070-exec-1] INFO  com.zaxxer.hikari.HikariDataSource.getConnection - HikariPool-1 - Start completed.
15-03-2018 10:44:17.317 [http-nio-8070-exec-2] WARN  o.s.web.servlet.PageNotFound.noHandlerFound - No mapping found for HTTP request with URI [/favicon.ico] in DispatcherServlet with name 'dispatcherServlet'
15-03-2018 10:49:28.711 [RMI TCP Connection(2)-127.0.0.1] INFO  o.s.b.a.SpringApplicationAdminMXBeanRegistrar$SpringApplicationAdmin.shutdown - Application shutdown requested.
15-03-2018 10:49:28.712 [RMI TCP Connection(2)-127.0.0.1] INFO  o.s.b.w.s.c.AnnotationConfigServletWebServerApplicationContext.doClose - Closing org.springframework.boot.web.servlet.context.AnnotationConfigServletWebServerApplicationContext@4df50bcc: startup date [Thu Mar 15 10:44:06 IST 2018]; root of context hierarchy
15-03-2018 10:49:28.716 [RMI TCP Connection(2)-127.0.0.1] INFO  o.s.j.e.a.AnnotationMBeanExporter.destroy - Unregistering JMX-exposed beans on shutdown
15-03-2018 10:49:28.716 [RMI TCP Connection(2)-127.0.0.1] INFO  o.s.j.e.a.AnnotationMBeanExporter.unregisterBeans - Unregistering JMX-exposed beans
15-03-2018 10:49:28.717 [RMI TCP Connection(2)-127.0.0.1] INFO  com.zaxxer.hikari.HikariDataSource.close - HikariPool-1 - Shutdown initiated...
15-03-2018 10:49:28.720 [RMI TCP Connection(2)-127.0.0.1] INFO  com.zaxxer.hikari.HikariDataSource.close - HikariPool-1 - Shutdown completed.
